[INFO  - 2016-01-14T01:02:58.167Z] GhostDriver - Main - running on port 53310
[INFO  - 2016-01-14T01:02:58.483Z] Session [8d4795d0-ba5a-11e5-b58b-0d53a83f1f21] - page.settings - {"XSSAuditingEnabled":false,"javascriptCanCloseWindows":true,"javascriptCanOpenWindows":true,"javascriptEnabled":true,"loadImages":true,"localToRemoteUrlAccessEnabled":false,"userAgent":"Mozilla/5.0 (Windows NT 6.2; WOW64) AppleWebKit/538.1 (KHTML, like Gecko) PhantomJS/2.0.0 Safari/538.1","webSecurityEnabled":true}
[INFO  - 2016-01-14T01:02:58.483Z] Session [8d4795d0-ba5a-11e5-b58b-0d53a83f1f21] - page.customHeaders:  - {}
[INFO  - 2016-01-14T01:02:58.483Z] Session [8d4795d0-ba5a-11e5-b58b-0d53a83f1f21] - Session.negotiatedCapabilities - {"browserName":"phantomjs","version":"2.0.0","driverName":"ghostdriver","driverVersion":"1.2.0","platform":"windows-8-32bit","javascriptEnabled":true,"takesScreenshot":true,"handlesAlerts":false,"databaseEnabled":false,"locationContextEnabled":false,"applicationCacheEnabled":false,"browserConnectionEnabled":false,"cssSelectorsEnabled":true,"webStorageEnabled":false,"rotatable":false,"acceptSslCerts":false,"nativeEvents":true,"proxy":{"proxyType":"direct"}}
[INFO  - 2016-01-14T01:02:58.483Z] SessionManagerReqHand - _postNewSessionCommand - New Session Created: 8d4795d0-ba5a-11e5-b58b-0d53a83f1f21
[ERROR - 2016-01-14T01:03:11.961Z] Session [8d4795d0-ba5a-11e5-b58b-0d53a83f1f21] - page.onError - msg: ReferenceError: Can't find variable: ValidatorFieldEntidadeCNPJ
[ERROR - 2016-01-14T01:03:11.961Z] Session [8d4795d0-ba5a-11e5-b58b-0d53a83f1f21] - page.onError - stack:
  onkeyup (https://www.nfp.fazenda.sp.gov.br/EntidadesFilantropicas/DoacaoNotasListagem.aspx:552)
  sendEvent (:0)
  _keyEvent (:/ghostdriver/inputs.js:325)
  _pressKey (:/ghostdriver/inputs.js:280)
  _sendKeys (:/ghostdriver/inputs.js:237)
  _postValueCommand (:/ghostdriver/request_handlers/webelement_request_handler.js:288)
  _handle (:/ghostdriver/request_handlers/webelement_request_handler.js:72)
  _reroute (:/ghostdriver/request_handlers/request_handler.js:61)
  _handle (:/ghostdriver/request_handlers/session_request_handler.js:120)
  _reroute (:/ghostdriver/request_handlers/request_handler.js:61)
  _handle (:/ghostdriver/request_handlers/router_request_handler.js:78)
[ERROR - 2016-01-14T01:03:11.962Z] Session [8d4795d0-ba5a-11e5-b58b-0d53a83f1f21] - page.onError - msg: ReferenceError: Can't find variable: ValidatorFieldEntidadeCNPJ
[ERROR - 2016-01-14T01:03:11.963Z] Session [8d4795d0-ba5a-11e5-b58b-0d53a83f1f21] - page.onError - stack:
  onkeyup (https://www.nfp.fazenda.sp.gov.br/EntidadesFilantropicas/DoacaoNotasListagem.aspx:552)
  sendEvent (:0)
  _keyEvent (:/ghostdriver/inputs.js:325)
  _pressKey (:/ghostdriver/inputs.js:280)
  _sendKeys (:/ghostdriver/inputs.js:237)
  _postValueCommand (:/ghostdriver/request_handlers/webelement_request_handler.js:288)
  _handle (:/ghostdriver/request_handlers/webelement_request_handler.js:72)
  _reroute (:/ghostdriver/request_handlers/request_handler.js:61)
  _handle (:/ghostdriver/request_handlers/session_request_handler.js:120)
  _reroute (:/ghostdriver/request_handlers/request_handler.js:61)
  _handle (:/ghostdriver/request_handlers/router_request_handler.js:78)
[ERROR - 2016-01-14T01:03:11.963Z] Session [8d4795d0-ba5a-11e5-b58b-0d53a83f1f21] - page.onError - msg: ReferenceError: Can't find variable: ValidatorFieldEntidadeCNPJ
[ERROR - 2016-01-14T01:03:11.964Z] Session [8d4795d0-ba5a-11e5-b58b-0d53a83f1f21] - page.onError - stack:
  onkeyup (https://www.nfp.fazenda.sp.gov.br/EntidadesFilantropicas/DoacaoNotasListagem.aspx:552)
  sendEvent (:0)
  _keyEvent (:/ghostdriver/inputs.js:325)
  _pressKey (:/ghostdriver/inputs.js:280)
  _sendKeys (:/ghostdriver/inputs.js:237)
  _postValueCommand (:/ghostdriver/request_handlers/webelement_request_handler.js:288)
  _handle (:/ghostdriver/request_handlers/webelement_request_handler.js:72)
  _reroute (:/ghostdriver/request_handlers/request_handler.js:61)
  _handle (:/ghostdriver/request_handlers/session_request_handler.js:120)
  _reroute (:/ghostdriver/request_handlers/request_handler.js:61)
  _handle (:/ghostdriver/request_handlers/router_request_handler.js:78)
[ERROR - 2016-01-14T01:03:11.964Z] Session [8d4795d0-ba5a-11e5-b58b-0d53a83f1f21] - page.onError - msg: ReferenceError: Can't find variable: ValidatorFieldEntidadeCNPJ
[ERROR - 2016-01-14T01:03:11.965Z] Session [8d4795d0-ba5a-11e5-b58b-0d53a83f1f21] - page.onError - stack:
  onkeyup (https://www.nfp.fazenda.sp.gov.br/EntidadesFilantropicas/DoacaoNotasListagem.aspx:552)
  sendEvent (:0)
  _keyEvent (:/ghostdriver/inputs.js:325)
  _pressKey (:/ghostdriver/inputs.js:280)
  _sendKeys (:/ghostdriver/inputs.js:237)
  _postValueCommand (:/ghostdriver/request_handlers/webelement_request_handler.js:288)
  _handle (:/ghostdriver/request_handlers/webelement_request_handler.js:72)
  _reroute (:/ghostdriver/request_handlers/request_handler.js:61)
  _handle (:/ghostdriver/request_handlers/session_request_handler.js:120)
  _reroute (:/ghostdriver/request_handlers/request_handler.js:61)
  _handle (:/ghostdriver/request_handlers/router_request_handler.js:78)
[ERROR - 2016-01-14T01:03:11.966Z] Session [8d4795d0-ba5a-11e5-b58b-0d53a83f1f21] - page.onError - msg: ReferenceError: Can't find variable: ValidatorFieldEntidadeCNPJ
[ERROR - 2016-01-14T01:03:11.966Z] Session [8d4795d0-ba5a-11e5-b58b-0d53a83f1f21] - page.onError - stack:
  onkeyup (https://www.nfp.fazenda.sp.gov.br/EntidadesFilantropicas/DoacaoNotasListagem.aspx:552)
  sendEvent (:0)
  _keyEvent (:/ghostdriver/inputs.js:325)
  _pressKey (:/ghostdriver/inputs.js:280)
  _sendKeys (:/ghostdriver/inputs.js:237)
  _postValueCommand (:/ghostdriver/request_handlers/webelement_request_handler.js:288)
  _handle (:/ghostdriver/request_handlers/webelement_request_handler.js:72)
  _reroute (:/ghostdriver/request_handlers/request_handler.js:61)
  _handle (:/ghostdriver/request_handlers/session_request_handler.js:120)
  _reroute (:/ghostdriver/request_handlers/request_handler.js:61)
  _handle (:/ghostdriver/request_handlers/router_request_handler.js:78)
[ERROR - 2016-01-14T01:03:11.967Z] Session [8d4795d0-ba5a-11e5-b58b-0d53a83f1f21] - page.onError - msg: ReferenceError: Can't find variable: ValidatorFieldEntidadeCNPJ
[ERROR - 2016-01-14T01:03:11.967Z] Session [8d4795d0-ba5a-11e5-b58b-0d53a83f1f21] - page.onError - stack:
  onkeyup (https://www.nfp.fazenda.sp.gov.br/EntidadesFilantropicas/DoacaoNotasListagem.aspx:552)
  sendEvent (:0)
  _keyEvent (:/ghostdriver/inputs.js:325)
  _pressKey (:/ghostdriver/inputs.js:280)
  _sendKeys (:/ghostdriver/inputs.js:237)
  _postValueCommand (:/ghostdriver/request_handlers/webelement_request_handler.js:288)
  _handle (:/ghostdriver/request_handlers/webelement_request_handler.js:72)
  _reroute (:/ghostdriver/request_handlers/request_handler.js:61)
  _handle (:/ghostdriver/request_handlers/session_request_handler.js:120)
  _reroute (:/ghostdriver/request_handlers/request_handler.js:61)
  _handle (:/ghostdriver/request_handlers/router_request_handler.js:78)
[ERROR - 2016-01-14T01:03:11.968Z] Session [8d4795d0-ba5a-11e5-b58b-0d53a83f1f21] - page.onError - msg: ReferenceError: Can't find variable: ValidatorFieldEntidadeCNPJ
[ERROR - 2016-01-14T01:03:11.968Z] Session [8d4795d0-ba5a-11e5-b58b-0d53a83f1f21] - page.onError - stack:
  onkeyup (https://www.nfp.fazenda.sp.gov.br/EntidadesFilantropicas/DoacaoNotasListagem.aspx:552)
  sendEvent (:0)
  _keyEvent (:/ghostdriver/inputs.js:325)
  _pressKey (:/ghostdriver/inputs.js:280)
  _sendKeys (:/ghostdriver/inputs.js:237)
  _postValueCommand (:/ghostdriver/request_handlers/webelement_request_handler.js:288)
  _handle (:/ghostdriver/request_handlers/webelement_request_handler.js:72)
  _reroute (:/ghostdriver/request_handlers/request_handler.js:61)
  _handle (:/ghostdriver/request_handlers/session_request_handler.js:120)
  _reroute (:/ghostdriver/request_handlers/request_handler.js:61)
  _handle (:/ghostdriver/request_handlers/router_request_handler.js:78)
[ERROR - 2016-01-14T01:03:11.969Z] Session [8d4795d0-ba5a-11e5-b58b-0d53a83f1f21] - page.onError - msg: ReferenceError: Can't find variable: ValidatorFieldEntidadeCNPJ
[ERROR - 2016-01-14T01:03:11.969Z] Session [8d4795d0-ba5a-11e5-b58b-0d53a83f1f21] - page.onError - stack:
  onkeyup (https://www.nfp.fazenda.sp.gov.br/EntidadesFilantropicas/DoacaoNotasListagem.aspx:552)
  sendEvent (:0)
  _keyEvent (:/ghostdriver/inputs.js:325)
  _pressKey (:/ghostdriver/inputs.js:280)
  _sendKeys (:/ghostdriver/inputs.js:237)
  _postValueCommand (:/ghostdriver/request_handlers/webelement_request_handler.js:288)
  _handle (:/ghostdriver/request_handlers/webelement_request_handler.js:72)
  _reroute (:/ghostdriver/request_handlers/request_handler.js:61)
  _handle (:/ghostdriver/request_handlers/session_request_handler.js:120)
  _reroute (:/ghostdriver/request_handlers/request_handler.js:61)
  _handle (:/ghostdriver/request_handlers/router_request_handler.js:78)
[ERROR - 2016-01-14T01:03:11.970Z] Session [8d4795d0-ba5a-11e5-b58b-0d53a83f1f21] - page.onError - msg: ReferenceError: Can't find variable: ValidatorFieldEntidadeCNPJ
[ERROR - 2016-01-14T01:03:11.970Z] Session [8d4795d0-ba5a-11e5-b58b-0d53a83f1f21] - page.onError - stack:
  onkeyup (https://www.nfp.fazenda.sp.gov.br/EntidadesFilantropicas/DoacaoNotasListagem.aspx:552)
  sendEvent (:0)
  _keyEvent (:/ghostdriver/inputs.js:325)
  _pressKey (:/ghostdriver/inputs.js:280)
  _sendKeys (:/ghostdriver/inputs.js:237)
  _postValueCommand (:/ghostdriver/request_handlers/webelement_request_handler.js:288)
  _handle (:/ghostdriver/request_handlers/webelement_request_handler.js:72)
  _reroute (:/ghostdriver/request_handlers/request_handler.js:61)
  _handle (:/ghostdriver/request_handlers/session_request_handler.js:120)
  _reroute (:/ghostdriver/request_handlers/request_handler.js:61)
  _handle (:/ghostdriver/request_handlers/router_request_handler.js:78)
[ERROR - 2016-01-14T01:03:11.971Z] Session [8d4795d0-ba5a-11e5-b58b-0d53a83f1f21] - page.onError - msg: ReferenceError: Can't find variable: ValidatorFieldEntidadeCNPJ
[ERROR - 2016-01-14T01:03:11.971Z] Session [8d4795d0-ba5a-11e5-b58b-0d53a83f1f21] - page.onError - stack:
  onkeyup (https://www.nfp.fazenda.sp.gov.br/EntidadesFilantropicas/DoacaoNotasListagem.aspx:552)
  sendEvent (:0)
  _keyEvent (:/ghostdriver/inputs.js:325)
  _pressKey (:/ghostdriver/inputs.js:280)
  _sendKeys (:/ghostdriver/inputs.js:237)
  _postValueCommand (:/ghostdriver/request_handlers/webelement_request_handler.js:288)
  _handle (:/ghostdriver/request_handlers/webelement_request_handler.js:72)
  _reroute (:/ghostdriver/request_handlers/request_handler.js:61)
  _handle (:/ghostdriver/request_handlers/session_request_handler.js:120)
  _reroute (:/ghostdriver/request_handlers/request_handler.js:61)
  _handle (:/ghostdriver/request_handlers/router_request_handler.js:78)
[ERROR - 2016-01-14T01:03:11.972Z] Session [8d4795d0-ba5a-11e5-b58b-0d53a83f1f21] - page.onError - msg: ReferenceError: Can't find variable: ValidatorFieldEntidadeCNPJ
[ERROR - 2016-01-14T01:03:11.972Z] Session [8d4795d0-ba5a-11e5-b58b-0d53a83f1f21] - page.onError - stack:
  onkeyup (https://www.nfp.fazenda.sp.gov.br/EntidadesFilantropicas/DoacaoNotasListagem.aspx:552)
  sendEvent (:0)
  _keyEvent (:/ghostdriver/inputs.js:325)
  _pressKey (:/ghostdriver/inputs.js:280)
  _sendKeys (:/ghostdriver/inputs.js:237)
  _postValueCommand (:/ghostdriver/request_handlers/webelement_request_handler.js:288)
  _handle (:/ghostdriver/request_handlers/webelement_request_handler.js:72)
  _reroute (:/ghostdriver/request_handlers/request_handler.js:61)
  _handle (:/ghostdriver/request_handlers/session_request_handler.js:120)
  _reroute (:/ghostdriver/request_handlers/request_handler.js:61)
  _handle (:/ghostdriver/request_handlers/router_request_handler.js:78)
[ERROR - 2016-01-14T01:03:11.973Z] Session [8d4795d0-ba5a-11e5-b58b-0d53a83f1f21] - page.onError - msg: ReferenceError: Can't find variable: ValidatorFieldEntidadeCNPJ
[ERROR - 2016-01-14T01:03:11.973Z] Session [8d4795d0-ba5a-11e5-b58b-0d53a83f1f21] - page.onError - stack:
  onkeyup (https://www.nfp.fazenda.sp.gov.br/EntidadesFilantropicas/DoacaoNotasListagem.aspx:552)
  sendEvent (:0)
  _keyEvent (:/ghostdriver/inputs.js:325)
  _pressKey (:/ghostdriver/inputs.js:280)
  _sendKeys (:/ghostdriver/inputs.js:237)
  _postValueCommand (:/ghostdriver/request_handlers/webelement_request_handler.js:288)
  _handle (:/ghostdriver/request_handlers/webelement_request_handler.js:72)
  _reroute (:/ghostdriver/request_handlers/request_handler.js:61)
  _handle (:/ghostdriver/request_handlers/session_request_handler.js:120)
  _reroute (:/ghostdriver/request_handlers/request_handler.js:61)
  _handle (:/ghostdriver/request_handlers/router_request_handler.js:78)
[ERROR - 2016-01-14T01:03:11.974Z] Session [8d4795d0-ba5a-11e5-b58b-0d53a83f1f21] - page.onError - msg: ReferenceError: Can't find variable: ValidatorFieldEntidadeCNPJ
[ERROR - 2016-01-14T01:03:11.975Z] Session [8d4795d0-ba5a-11e5-b58b-0d53a83f1f21] - page.onError - stack:
  onkeyup (https://www.nfp.fazenda.sp.gov.br/EntidadesFilantropicas/DoacaoNotasListagem.aspx:552)
  sendEvent (:0)
  _keyEvent (:/ghostdriver/inputs.js:325)
  _pressKey (:/ghostdriver/inputs.js:280)
  _sendKeys (:/ghostdriver/inputs.js:237)
  _postValueCommand (:/ghostdriver/request_handlers/webelement_request_handler.js:288)
  _handle (:/ghostdriver/request_handlers/webelement_request_handler.js:72)
  _reroute (:/ghostdriver/request_handlers/request_handler.js:61)
  _handle (:/ghostdriver/request_handlers/session_request_handler.js:120)
  _reroute (:/ghostdriver/request_handlers/request_handler.js:61)
  _handle (:/ghostdriver/request_handlers/router_request_handler.js:78)
[ERROR - 2016-01-14T01:03:11.976Z] Session [8d4795d0-ba5a-11e5-b58b-0d53a83f1f21] - page.onError - msg: ReferenceError: Can't find variable: ValidatorFieldEntidadeCNPJ
[ERROR - 2016-01-14T01:03:11.976Z] Session [8d4795d0-ba5a-11e5-b58b-0d53a83f1f21] - page.onError - stack:
  onkeyup (https://www.nfp.fazenda.sp.gov.br/EntidadesFilantropicas/DoacaoNotasListagem.aspx:552)
  sendEvent (:0)
  _keyEvent (:/ghostdriver/inputs.js:325)
  _pressKey (:/ghostdriver/inputs.js:280)
  _sendKeys (:/ghostdriver/inputs.js:237)
  _postValueCommand (:/ghostdriver/request_handlers/webelement_request_handler.js:288)
  _handle (:/ghostdriver/request_handlers/webelement_request_handler.js:72)
  _reroute (:/ghostdriver/request_handlers/request_handler.js:61)
  _handle (:/ghostdriver/request_handlers/session_request_handler.js:120)
  _reroute (:/ghostdriver/request_handlers/request_handler.js:61)
  _handle (:/ghostdriver/request_handlers/router_request_handler.js:78)
[ERROR - 2016-01-14T01:03:14.001Z] Session [8d4795d0-ba5a-11e5-b58b-0d53a83f1f21] - page.onError - msg: ReferenceError: Can't find variable: ValidarCfeSat
[ERROR - 2016-01-14T01:03:14.001Z] Session [8d4795d0-ba5a-11e5-b58b-0d53a83f1f21] - page.onError - stack:
  (anonymous function) (https://www.nfp.fazenda.sp.gov.br/controles/zipConteudo.ashx?file=/script/EntdFilantr.js&v=1&type=js:47)
  dispatch (https://www.nfp.fazenda.sp.gov.br/controles/zipConteudo.ashx?file=/script/jquery-1.7.1.min.js&type=js:3)
  i (https://www.nfp.fazenda.sp.gov.br/controles/zipConteudo.ashx?file=/script/jquery-1.7.1.min.js&type=js:3)
  dispatchEvent (:0)
  U (phantomjs://webpage.evaluate():119)
  $ (phantomjs://webpage.evaluate():108)
  $ (phantomjs://webpage.evaluate():101)
  gh (phantomjs://webpage.evaluate():141)
  sh (phantomjs://webpage.evaluate():152)
  (anonymous function) (phantomjs://webpage.evaluate():152)
  (anonymous function) (phantomjs://webpage.evaluate():152)
  (anonymous function) (phantomjs://webpage.evaluate():153)
[ERROR - 2016-01-14T01:03:17.797Z] Session [8d4795d0-ba5a-11e5-b58b-0d53a83f1f21] - page.onError - msg: ReferenceError: Can't find variable: ValidatorFieldEntidadeCNPJ
[ERROR - 2016-01-14T01:03:17.797Z] Session [8d4795d0-ba5a-11e5-b58b-0d53a83f1f21] - page.onError - stack:
  onkeyup (https://www.nfp.fazenda.sp.gov.br/EntidadesFilantropicas/DoacaoNotasListagem.aspx:552)
  sendEvent (:0)
  _keyEvent (:/ghostdriver/inputs.js:325)
  _pressKey (:/ghostdriver/inputs.js:280)
  _sendKeys (:/ghostdriver/inputs.js:237)
  _postValueCommand (:/ghostdriver/request_handlers/webelement_request_handler.js:288)
  _handle (:/ghostdriver/request_handlers/webelement_request_handler.js:72)
  _reroute (:/ghostdriver/request_handlers/request_handler.js:61)
  _handle (:/ghostdriver/request_handlers/session_request_handler.js:120)
  _reroute (:/ghostdriver/request_handlers/request_handler.js:61)
  _handle (:/ghostdriver/request_handlers/router_request_handler.js:78)
[ERROR - 2016-01-14T01:03:17.798Z] Session [8d4795d0-ba5a-11e5-b58b-0d53a83f1f21] - page.onError - msg: ReferenceError: Can't find variable: ValidatorFieldEntidadeCNPJ
[ERROR - 2016-01-14T01:03:17.798Z] Session [8d4795d0-ba5a-11e5-b58b-0d53a83f1f21] - page.onError - stack:
  onkeyup (https://www.nfp.fazenda.sp.gov.br/EntidadesFilantropicas/DoacaoNotasListagem.aspx:552)
  sendEvent (:0)
  _keyEvent (:/ghostdriver/inputs.js:325)
  _pressKey (:/ghostdriver/inputs.js:280)
  _sendKeys (:/ghostdriver/inputs.js:237)
  _postValueCommand (:/ghostdriver/request_handlers/webelement_request_handler.js:288)
  _handle (:/ghostdriver/request_handlers/webelement_request_handler.js:72)
  _reroute (:/ghostdriver/request_handlers/request_handler.js:61)
  _handle (:/ghostdriver/request_handlers/session_request_handler.js:120)
  _reroute (:/ghostdriver/request_handlers/request_handler.js:61)
  _handle (:/ghostdriver/request_handlers/router_request_handler.js:78)
[ERROR - 2016-01-14T01:03:17.799Z] Session [8d4795d0-ba5a-11e5-b58b-0d53a83f1f21] - page.onError - msg: ReferenceError: Can't find variable: ValidatorFieldEntidadeCNPJ
[ERROR - 2016-01-14T01:03:17.799Z] Session [8d4795d0-ba5a-11e5-b58b-0d53a83f1f21] - page.onError - stack:
  onkeyup (https://www.nfp.fazenda.sp.gov.br/EntidadesFilantropicas/DoacaoNotasListagem.aspx:552)
  sendEvent (:0)
  _keyEvent (:/ghostdriver/inputs.js:325)
  _pressKey (:/ghostdriver/inputs.js:280)
  _sendKeys (:/ghostdriver/inputs.js:237)
  _postValueCommand (:/ghostdriver/request_handlers/webelement_request_handler.js:288)
  _handle (:/ghostdriver/request_handlers/webelement_request_handler.js:72)
  _reroute (:/ghostdriver/request_handlers/request_handler.js:61)
  _handle (:/ghostdriver/request_handlers/session_request_handler.js:120)
  _reroute (:/ghostdriver/request_handlers/request_handler.js:61)
  _handle (:/ghostdriver/request_handlers/router_request_handler.js:78)
[ERROR - 2016-01-14T01:03:17.800Z] Session [8d4795d0-ba5a-11e5-b58b-0d53a83f1f21] - page.onError - msg: ReferenceError: Can't find variable: ValidatorFieldEntidadeCNPJ
[ERROR - 2016-01-14T01:03:17.800Z] Session [8d4795d0-ba5a-11e5-b58b-0d53a83f1f21] - page.onError - stack:
  onkeyup (https://www.nfp.fazenda.sp.gov.br/EntidadesFilantropicas/DoacaoNotasListagem.aspx:552)
  sendEvent (:0)
  _keyEvent (:/ghostdriver/inputs.js:325)
  _pressKey (:/ghostdriver/inputs.js:280)
  _sendKeys (:/ghostdriver/inputs.js:237)
  _postValueCommand (:/ghostdriver/request_handlers/webelement_request_handler.js:288)
  _handle (:/ghostdriver/request_handlers/webelement_request_handler.js:72)
  _reroute (:/ghostdriver/request_handlers/request_handler.js:61)
  _handle (:/ghostdriver/request_handlers/session_request_handler.js:120)
  _reroute (:/ghostdriver/request_handlers/request_handler.js:61)
  _handle (:/ghostdriver/request_handlers/router_request_handler.js:78)
[ERROR - 2016-01-14T01:03:17.801Z] Session [8d4795d0-ba5a-11e5-b58b-0d53a83f1f21] - page.onError - msg: ReferenceError: Can't find variable: ValidatorFieldEntidadeCNPJ
[ERROR - 2016-01-14T01:03:17.802Z] Session [8d4795d0-ba5a-11e5-b58b-0d53a83f1f21] - page.onError - stack:
  onkeyup (https://www.nfp.fazenda.sp.gov.br/EntidadesFilantropicas/DoacaoNotasListagem.aspx:552)
  sendEvent (:0)
  _keyEvent (:/ghostdriver/inputs.js:325)
  _pressKey (:/ghostdriver/inputs.js:280)
  _sendKeys (:/ghostdriver/inputs.js:237)
  _postValueCommand (:/ghostdriver/request_handlers/webelement_request_handler.js:288)
  _handle (:/ghostdriver/request_handlers/webelement_request_handler.js:72)
  _reroute (:/ghostdriver/request_handlers/request_handler.js:61)
  _handle (:/ghostdriver/request_handlers/session_request_handler.js:120)
  _reroute (:/ghostdriver/request_handlers/request_handler.js:61)
  _handle (:/ghostdriver/request_handlers/router_request_handler.js:78)
[ERROR - 2016-01-14T01:03:17.803Z] Session [8d4795d0-ba5a-11e5-b58b-0d53a83f1f21] - page.onError - msg: ReferenceError: Can't find variable: ValidatorFieldEntidadeCNPJ
[ERROR - 2016-01-14T01:03:17.803Z] Session [8d4795d0-ba5a-11e5-b58b-0d53a83f1f21] - page.onError - stack:
  onkeyup (https://www.nfp.fazenda.sp.gov.br/EntidadesFilantropicas/DoacaoNotasListagem.aspx:552)
  sendEvent (:0)
  _keyEvent (:/ghostdriver/inputs.js:325)
  _pressKey (:/ghostdriver/inputs.js:280)
  _sendKeys (:/ghostdriver/inputs.js:237)
  _postValueCommand (:/ghostdriver/request_handlers/webelement_request_handler.js:288)
  _handle (:/ghostdriver/request_handlers/webelement_request_handler.js:72)
  _reroute (:/ghostdriver/request_handlers/request_handler.js:61)
  _handle (:/ghostdriver/request_handlers/session_request_handler.js:120)
  _reroute (:/ghostdriver/request_handlers/request_handler.js:61)
  _handle (:/ghostdriver/request_handlers/router_request_handler.js:78)
[ERROR - 2016-01-14T01:03:17.804Z] Session [8d4795d0-ba5a-11e5-b58b-0d53a83f1f21] - page.onError - msg: ReferenceError: Can't find variable: ValidatorFieldEntidadeCNPJ
[ERROR - 2016-01-14T01:03:17.804Z] Session [8d4795d0-ba5a-11e5-b58b-0d53a83f1f21] - page.onError - stack:
  onkeyup (https://www.nfp.fazenda.sp.gov.br/EntidadesFilantropicas/DoacaoNotasListagem.aspx:552)
  sendEvent (:0)
  _keyEvent (:/ghostdriver/inputs.js:325)
  _pressKey (:/ghostdriver/inputs.js:280)
  _sendKeys (:/ghostdriver/inputs.js:237)
  _postValueCommand (:/ghostdriver/request_handlers/webelement_request_handler.js:288)
  _handle (:/ghostdriver/request_handlers/webelement_request_handler.js:72)
  _reroute (:/ghostdriver/request_handlers/request_handler.js:61)
  _handle (:/ghostdriver/request_handlers/session_request_handler.js:120)
  _reroute (:/ghostdriver/request_handlers/request_handler.js:61)
  _handle (:/ghostdriver/request_handlers/router_request_handler.js:78)
[ERROR - 2016-01-14T01:03:17.806Z] Session [8d4795d0-ba5a-11e5-b58b-0d53a83f1f21] - page.onError - msg: ReferenceError: Can't find variable: ValidatorFieldEntidadeCNPJ
[ERROR - 2016-01-14T01:03:17.806Z] Session [8d4795d0-ba5a-11e5-b58b-0d53a83f1f21] - page.onError - stack:
  onkeyup (https://www.nfp.fazenda.sp.gov.br/EntidadesFilantropicas/DoacaoNotasListagem.aspx:552)
  sendEvent (:0)
  _keyEvent (:/ghostdriver/inputs.js:325)
  _pressKey (:/ghostdriver/inputs.js:280)
  _sendKeys (:/ghostdriver/inputs.js:237)
  _postValueCommand (:/ghostdriver/request_handlers/webelement_request_handler.js:288)
  _handle (:/ghostdriver/request_handlers/webelement_request_handler.js:72)
  _reroute (:/ghostdriver/request_handlers/request_handler.js:61)
  _handle (:/ghostdriver/request_handlers/session_request_handler.js:120)
  _reroute (:/ghostdriver/request_handlers/request_handler.js:61)
  _handle (:/ghostdriver/request_handlers/router_request_handler.js:78)
[ERROR - 2016-01-14T01:03:17.807Z] Session [8d4795d0-ba5a-11e5-b58b-0d53a83f1f21] - page.onError - msg: ReferenceError: Can't find variable: ValidatorFieldEntidadeCNPJ
[ERROR - 2016-01-14T01:03:17.807Z] Session [8d4795d0-ba5a-11e5-b58b-0d53a83f1f21] - page.onError - stack:
  onkeyup (https://www.nfp.fazenda.sp.gov.br/EntidadesFilantropicas/DoacaoNotasListagem.aspx:552)
  sendEvent (:0)
  _keyEvent (:/ghostdriver/inputs.js:325)
  _pressKey (:/ghostdriver/inputs.js:280)
  _sendKeys (:/ghostdriver/inputs.js:237)
  _postValueCommand (:/ghostdriver/request_handlers/webelement_request_handler.js:288)
  _handle (:/ghostdriver/request_handlers/webelement_request_handler.js:72)
  _reroute (:/ghostdriver/request_handlers/request_handler.js:61)
  _handle (:/ghostdriver/request_handlers/session_request_handler.js:120)
  _reroute (:/ghostdriver/request_handlers/request_handler.js:61)
  _handle (:/ghostdriver/request_handlers/router_request_handler.js:78)
[ERROR - 2016-01-14T01:03:17.808Z] Session [8d4795d0-ba5a-11e5-b58b-0d53a83f1f21] - page.onError - msg: ReferenceError: Can't find variable: ValidatorFieldEntidadeCNPJ
[ERROR - 2016-01-14T01:03:17.808Z] Session [8d4795d0-ba5a-11e5-b58b-0d53a83f1f21] - page.onError - stack:
  onkeyup (https://www.nfp.fazenda.sp.gov.br/EntidadesFilantropicas/DoacaoNotasListagem.aspx:552)
  sendEvent (:0)
  _keyEvent (:/ghostdriver/inputs.js:325)
  _pressKey (:/ghostdriver/inputs.js:280)
  _sendKeys (:/ghostdriver/inputs.js:237)
  _postValueCommand (:/ghostdriver/request_handlers/webelement_request_handler.js:288)
  _handle (:/ghostdriver/request_handlers/webelement_request_handler.js:72)
  _reroute (:/ghostdriver/request_handlers/request_handler.js:61)
  _handle (:/ghostdriver/request_handlers/session_request_handler.js:120)
  _reroute (:/ghostdriver/request_handlers/request_handler.js:61)
  _handle (:/ghostdriver/request_handlers/router_request_handler.js:78)
[ERROR - 2016-01-14T01:03:17.809Z] Session [8d4795d0-ba5a-11e5-b58b-0d53a83f1f21] - page.onError - msg: ReferenceError: Can't find variable: ValidatorFieldEntidadeCNPJ
[ERROR - 2016-01-14T01:03:17.809Z] Session [8d4795d0-ba5a-11e5-b58b-0d53a83f1f21] - page.onError - stack:
  onkeyup (https://www.nfp.fazenda.sp.gov.br/EntidadesFilantropicas/DoacaoNotasListagem.aspx:552)
  sendEvent (:0)
  _keyEvent (:/ghostdriver/inputs.js:325)
  _pressKey (:/ghostdriver/inputs.js:280)
  _sendKeys (:/ghostdriver/inputs.js:237)
  _postValueCommand (:/ghostdriver/request_handlers/webelement_request_handler.js:288)
  _handle (:/ghostdriver/request_handlers/webelement_request_handler.js:72)
  _reroute (:/ghostdriver/request_handlers/request_handler.js:61)
  _handle (:/ghostdriver/request_handlers/session_request_handler.js:120)
  _reroute (:/ghostdriver/request_handlers/request_handler.js:61)
  _handle (:/ghostdriver/request_handlers/router_request_handler.js:78)
[ERROR - 2016-01-14T01:03:17.810Z] Session [8d4795d0-ba5a-11e5-b58b-0d53a83f1f21] - page.onError - msg: ReferenceError: Can't find variable: ValidatorFieldEntidadeCNPJ
[ERROR - 2016-01-14T01:03:17.810Z] Session [8d4795d0-ba5a-11e5-b58b-0d53a83f1f21] - page.onError - stack:
  onkeyup (https://www.nfp.fazenda.sp.gov.br/EntidadesFilantropicas/DoacaoNotasListagem.aspx:552)
  sendEvent (:0)
  _keyEvent (:/ghostdriver/inputs.js:325)
  _pressKey (:/ghostdriver/inputs.js:280)
  _sendKeys (:/ghostdriver/inputs.js:237)
  _postValueCommand (:/ghostdriver/request_handlers/webelement_request_handler.js:288)
  _handle (:/ghostdriver/request_handlers/webelement_request_handler.js:72)
  _reroute (:/ghostdriver/request_handlers/request_handler.js:61)
  _handle (:/ghostdriver/request_handlers/session_request_handler.js:120)
  _reroute (:/ghostdriver/request_handlers/request_handler.js:61)
  _handle (:/ghostdriver/request_handlers/router_request_handler.js:78)
[ERROR - 2016-01-14T01:03:17.811Z] Session [8d4795d0-ba5a-11e5-b58b-0d53a83f1f21] - page.onError - msg: ReferenceError: Can't find variable: ValidatorFieldEntidadeCNPJ
[ERROR - 2016-01-14T01:03:17.811Z] Session [8d4795d0-ba5a-11e5-b58b-0d53a83f1f21] - page.onError - stack:
  onkeyup (https://www.nfp.fazenda.sp.gov.br/EntidadesFilantropicas/DoacaoNotasListagem.aspx:552)
  sendEvent (:0)
  _keyEvent (:/ghostdriver/inputs.js:325)
  _pressKey (:/ghostdriver/inputs.js:280)
  _sendKeys (:/ghostdriver/inputs.js:237)
  _postValueCommand (:/ghostdriver/request_handlers/webelement_request_handler.js:288)
  _handle (:/ghostdriver/request_handlers/webelement_request_handler.js:72)
  _reroute (:/ghostdriver/request_handlers/request_handler.js:61)
  _handle (:/ghostdriver/request_handlers/session_request_handler.js:120)
  _reroute (:/ghostdriver/request_handlers/request_handler.js:61)
  _handle (:/ghostdriver/request_handlers/router_request_handler.js:78)
[ERROR - 2016-01-14T01:03:17.812Z] Session [8d4795d0-ba5a-11e5-b58b-0d53a83f1f21] - page.onError - msg: ReferenceError: Can't find variable: ValidatorFieldEntidadeCNPJ
[ERROR - 2016-01-14T01:03:17.813Z] Session [8d4795d0-ba5a-11e5-b58b-0d53a83f1f21] - page.onError - stack:
  onkeyup (https://www.nfp.fazenda.sp.gov.br/EntidadesFilantropicas/DoacaoNotasListagem.aspx:552)
  sendEvent (:0)
  _keyEvent (:/ghostdriver/inputs.js:325)
  _pressKey (:/ghostdriver/inputs.js:280)
  _sendKeys (:/ghostdriver/inputs.js:237)
  _postValueCommand (:/ghostdriver/request_handlers/webelement_request_handler.js:288)
  _handle (:/ghostdriver/request_handlers/webelement_request_handler.js:72)
  _reroute (:/ghostdriver/request_handlers/request_handler.js:61)
  _handle (:/ghostdriver/request_handlers/session_request_handler.js:120)
  _reroute (:/ghostdriver/request_handlers/request_handler.js:61)
  _handle (:/ghostdriver/request_handlers/router_request_handler.js:78)
[ERROR - 2016-01-14T01:03:18.948Z] Session [8d4795d0-ba5a-11e5-b58b-0d53a83f1f21] - page.onError - msg: ReferenceError: Can't find variable: ValidarCfeSat
[ERROR - 2016-01-14T01:03:18.949Z] Session [8d4795d0-ba5a-11e5-b58b-0d53a83f1f21] - page.onError - stack:
  (anonymous function) (https://www.nfp.fazenda.sp.gov.br/controles/zipConteudo.ashx?file=/script/EntdFilantr.js&v=1&type=js:47)
  dispatch (https://www.nfp.fazenda.sp.gov.br/controles/zipConteudo.ashx?file=/script/jquery-1.7.1.min.js&type=js:3)
  i (https://www.nfp.fazenda.sp.gov.br/controles/zipConteudo.ashx?file=/script/jquery-1.7.1.min.js&type=js:3)
  dispatchEvent (:0)
  U (phantomjs://webpage.evaluate():119)
  $ (phantomjs://webpage.evaluate():108)
  $ (phantomjs://webpage.evaluate():101)
  gh (phantomjs://webpage.evaluate():141)
  sh (phantomjs://webpage.evaluate():152)
  (anonymous function) (phantomjs://webpage.evaluate():152)
  (anonymous function) (phantomjs://webpage.evaluate():152)
  (anonymous function) (phantomjs://webpage.evaluate():153)
[ERROR - 2016-01-14T01:03:27.432Z] Session [8d4795d0-ba5a-11e5-b58b-0d53a83f1f21] - page.onError - msg: ReferenceError: Can't find variable: ValidatorFieldEntidadeCNPJ
[ERROR - 2016-01-14T01:03:27.432Z] Session [8d4795d0-ba5a-11e5-b58b-0d53a83f1f21] - page.onError - stack:
  onkeyup (https://www.nfp.fazenda.sp.gov.br/EntidadesFilantropicas/DoacaoNotasListagem.aspx:552)
  sendEvent (:0)
  _keyEvent (:/ghostdriver/inputs.js:325)
  _pressKey (:/ghostdriver/inputs.js:280)
  _sendKeys (:/ghostdriver/inputs.js:237)
  _postValueCommand (:/ghostdriver/request_handlers/webelement_request_handler.js:288)
  _handle (:/ghostdriver/request_handlers/webelement_request_handler.js:72)
  _reroute (:/ghostdriver/request_handlers/request_handler.js:61)
  _handle (:/ghostdriver/request_handlers/session_request_handler.js:120)
  _reroute (:/ghostdriver/request_handlers/request_handler.js:61)
  _handle (:/ghostdriver/request_handlers/router_request_handler.js:78)
[ERROR - 2016-01-14T01:03:27.433Z] Session [8d4795d0-ba5a-11e5-b58b-0d53a83f1f21] - page.onError - msg: ReferenceError: Can't find variable: ValidatorFieldEntidadeCNPJ
[ERROR - 2016-01-14T01:03:27.433Z] Session [8d4795d0-ba5a-11e5-b58b-0d53a83f1f21] - page.onError - stack:
  onkeyup (https://www.nfp.fazenda.sp.gov.br/EntidadesFilantropicas/DoacaoNotasListagem.aspx:552)
  sendEvent (:0)
  _keyEvent (:/ghostdriver/inputs.js:325)
  _pressKey (:/ghostdriver/inputs.js:280)
  _sendKeys (:/ghostdriver/inputs.js:237)
  _postValueCommand (:/ghostdriver/request_handlers/webelement_request_handler.js:288)
  _handle (:/ghostdriver/request_handlers/webelement_request_handler.js:72)
  _reroute (:/ghostdriver/request_handlers/request_handler.js:61)
  _handle (:/ghostdriver/request_handlers/session_request_handler.js:120)
  _reroute (:/ghostdriver/request_handlers/request_handler.js:61)
  _handle (:/ghostdriver/request_handlers/router_request_handler.js:78)
[ERROR - 2016-01-14T01:03:27.434Z] Session [8d4795d0-ba5a-11e5-b58b-0d53a83f1f21] - page.onError - msg: ReferenceError: Can't find variable: ValidatorFieldEntidadeCNPJ
[ERROR - 2016-01-14T01:03:27.434Z] Session [8d4795d0-ba5a-11e5-b58b-0d53a83f1f21] - page.onError - stack:
  onkeyup (https://www.nfp.fazenda.sp.gov.br/EntidadesFilantropicas/DoacaoNotasListagem.aspx:552)
  sendEvent (:0)
  _keyEvent (:/ghostdriver/inputs.js:325)
  _pressKey (:/ghostdriver/inputs.js:280)
  _sendKeys (:/ghostdriver/inputs.js:237)
  _postValueCommand (:/ghostdriver/request_handlers/webelement_request_handler.js:288)
  _handle (:/ghostdriver/request_handlers/webelement_request_handler.js:72)
  _reroute (:/ghostdriver/request_handlers/request_handler.js:61)
  _handle (:/ghostdriver/request_handlers/session_request_handler.js:120)
  _reroute (:/ghostdriver/request_handlers/request_handler.js:61)
  _handle (:/ghostdriver/request_handlers/router_request_handler.js:78)
[ERROR - 2016-01-14T01:03:27.435Z] Session [8d4795d0-ba5a-11e5-b58b-0d53a83f1f21] - page.onError - msg: ReferenceError: Can't find variable: ValidatorFieldEntidadeCNPJ
[ERROR - 2016-01-14T01:03:27.435Z] Session [8d4795d0-ba5a-11e5-b58b-0d53a83f1f21] - page.onError - stack:
  onkeyup (https://www.nfp.fazenda.sp.gov.br/EntidadesFilantropicas/DoacaoNotasListagem.aspx:552)
  sendEvent (:0)
  _keyEvent (:/ghostdriver/inputs.js:325)
  _pressKey (:/ghostdriver/inputs.js:280)
  _sendKeys (:/ghostdriver/inputs.js:237)
  _postValueCommand (:/ghostdriver/request_handlers/webelement_request_handler.js:288)
  _handle (:/ghostdriver/request_handlers/webelement_request_handler.js:72)
  _reroute (:/ghostdriver/request_handlers/request_handler.js:61)
  _handle (:/ghostdriver/request_handlers/session_request_handler.js:120)
  _reroute (:/ghostdriver/request_handlers/request_handler.js:61)
  _handle (:/ghostdriver/request_handlers/router_request_handler.js:78)
[ERROR - 2016-01-14T01:03:27.436Z] Session [8d4795d0-ba5a-11e5-b58b-0d53a83f1f21] - page.onError - msg: ReferenceError: Can't find variable: ValidatorFieldEntidadeCNPJ
[ERROR - 2016-01-14T01:03:27.436Z] Session [8d4795d0-ba5a-11e5-b58b-0d53a83f1f21] - page.onError - stack:
  onkeyup (https://www.nfp.fazenda.sp.gov.br/EntidadesFilantropicas/DoacaoNotasListagem.aspx:552)
  sendEvent (:0)
  _keyEvent (:/ghostdriver/inputs.js:325)
  _pressKey (:/ghostdriver/inputs.js:280)
  _sendKeys (:/ghostdriver/inputs.js:237)
  _postValueCommand (:/ghostdriver/request_handlers/webelement_request_handler.js:288)
  _handle (:/ghostdriver/request_handlers/webelement_request_handler.js:72)
  _reroute (:/ghostdriver/request_handlers/request_handler.js:61)
  _handle (:/ghostdriver/request_handlers/session_request_handler.js:120)
  _reroute (:/ghostdriver/request_handlers/request_handler.js:61)
  _handle (:/ghostdriver/request_handlers/router_request_handler.js:78)
[ERROR - 2016-01-14T01:03:27.452Z] Session [8d4795d0-ba5a-11e5-b58b-0d53a83f1f21] - page.onError - msg: ReferenceError: Can't find variable: ValidatorFieldEntidadeCNPJ
[ERROR - 2016-01-14T01:03:27.452Z] Session [8d4795d0-ba5a-11e5-b58b-0d53a83f1f21] - page.onError - stack:
  onkeyup (https://www.nfp.fazenda.sp.gov.br/EntidadesFilantropicas/DoacaoNotasListagem.aspx:552)
  sendEvent (:0)
  _keyEvent (:/ghostdriver/inputs.js:325)
  _pressKey (:/ghostdriver/inputs.js:280)
  _sendKeys (:/ghostdriver/inputs.js:237)
  _postValueCommand (:/ghostdriver/request_handlers/webelement_request_handler.js:288)
  _handle (:/ghostdriver/request_handlers/webelement_request_handler.js:72)
  _reroute (:/ghostdriver/request_handlers/request_handler.js:61)
  _handle (:/ghostdriver/request_handlers/session_request_handler.js:120)
  _reroute (:/ghostdriver/request_handlers/request_handler.js:61)
  _handle (:/ghostdriver/request_handlers/router_request_handler.js:78)
[ERROR - 2016-01-14T01:03:27.453Z] Session [8d4795d0-ba5a-11e5-b58b-0d53a83f1f21] - page.onError - msg: ReferenceError: Can't find variable: ValidatorFieldEntidadeCNPJ
[ERROR - 2016-01-14T01:03:27.453Z] Session [8d4795d0-ba5a-11e5-b58b-0d53a83f1f21] - page.onError - stack:
  onkeyup (https://www.nfp.fazenda.sp.gov.br/EntidadesFilantropicas/DoacaoNotasListagem.aspx:552)
  sendEvent (:0)
  _keyEvent (:/ghostdriver/inputs.js:325)
  _pressKey (:/ghostdriver/inputs.js:280)
  _sendKeys (:/ghostdriver/inputs.js:237)
  _postValueCommand (:/ghostdriver/request_handlers/webelement_request_handler.js:288)
  _handle (:/ghostdriver/request_handlers/webelement_request_handler.js:72)
  _reroute (:/ghostdriver/request_handlers/request_handler.js:61)
  _handle (:/ghostdriver/request_handlers/session_request_handler.js:120)
  _reroute (:/ghostdriver/request_handlers/request_handler.js:61)
  _handle (:/ghostdriver/request_handlers/router_request_handler.js:78)
[ERROR - 2016-01-14T01:03:27.454Z] Session [8d4795d0-ba5a-11e5-b58b-0d53a83f1f21] - page.onError - msg: ReferenceError: Can't find variable: ValidatorFieldEntidadeCNPJ
[ERROR - 2016-01-14T01:03:27.454Z] Session [8d4795d0-ba5a-11e5-b58b-0d53a83f1f21] - page.onError - stack:
  onkeyup (https://www.nfp.fazenda.sp.gov.br/EntidadesFilantropicas/DoacaoNotasListagem.aspx:552)
  sendEvent (:0)
  _keyEvent (:/ghostdriver/inputs.js:325)
  _pressKey (:/ghostdriver/inputs.js:280)
  _sendKeys (:/ghostdriver/inputs.js:237)
  _postValueCommand (:/ghostdriver/request_handlers/webelement_request_handler.js:288)
  _handle (:/ghostdriver/request_handlers/webelement_request_handler.js:72)
  _reroute (:/ghostdriver/request_handlers/request_handler.js:61)
  _handle (:/ghostdriver/request_handlers/session_request_handler.js:120)
  _reroute (:/ghostdriver/request_handlers/request_handler.js:61)
  _handle (:/ghostdriver/request_handlers/router_request_handler.js:78)
[ERROR - 2016-01-14T01:03:27.455Z] Session [8d4795d0-ba5a-11e5-b58b-0d53a83f1f21] - page.onError - msg: ReferenceError: Can't find variable: ValidatorFieldEntidadeCNPJ
[ERROR - 2016-01-14T01:03:27.455Z] Session [8d4795d0-ba5a-11e5-b58b-0d53a83f1f21] - page.onError - stack:
  onkeyup (https://www.nfp.fazenda.sp.gov.br/EntidadesFilantropicas/DoacaoNotasListagem.aspx:552)
  sendEvent (:0)
  _keyEvent (:/ghostdriver/inputs.js:325)
  _pressKey (:/ghostdriver/inputs.js:280)
  _sendKeys (:/ghostdriver/inputs.js:237)
  _postValueCommand (:/ghostdriver/request_handlers/webelement_request_handler.js:288)
  _handle (:/ghostdriver/request_handlers/webelement_request_handler.js:72)
  _reroute (:/ghostdriver/request_handlers/request_handler.js:61)
  _handle (:/ghostdriver/request_handlers/session_request_handler.js:120)
  _reroute (:/ghostdriver/request_handlers/request_handler.js:61)
  _handle (:/ghostdriver/request_handlers/router_request_handler.js:78)
[ERROR - 2016-01-14T01:03:27.456Z] Session [8d4795d0-ba5a-11e5-b58b-0d53a83f1f21] - page.onError - msg: ReferenceError: Can't find variable: ValidatorFieldEntidadeCNPJ
[ERROR - 2016-01-14T01:03:27.456Z] Session [8d4795d0-ba5a-11e5-b58b-0d53a83f1f21] - page.onError - stack:
  onkeyup (https://www.nfp.fazenda.sp.gov.br/EntidadesFilantropicas/DoacaoNotasListagem.aspx:552)
  sendEvent (:0)
  _keyEvent (:/ghostdriver/inputs.js:325)
  _pressKey (:/ghostdriver/inputs.js:280)
  _sendKeys (:/ghostdriver/inputs.js:237)
  _postValueCommand (:/ghostdriver/request_handlers/webelement_request_handler.js:288)
  _handle (:/ghostdriver/request_handlers/webelement_request_handler.js:72)
  _reroute (:/ghostdriver/request_handlers/request_handler.js:61)
  _handle (:/ghostdriver/request_handlers/session_request_handler.js:120)
  _reroute (:/ghostdriver/request_handlers/request_handler.js:61)
  _handle (:/ghostdriver/request_handlers/router_request_handler.js:78)
[ERROR - 2016-01-14T01:03:27.457Z] Session [8d4795d0-ba5a-11e5-b58b-0d53a83f1f21] - page.onError - msg: ReferenceError: Can't find variable: ValidatorFieldEntidadeCNPJ
[ERROR - 2016-01-14T01:03:27.457Z] Session [8d4795d0-ba5a-11e5-b58b-0d53a83f1f21] - page.onError - stack:
  onkeyup (https://www.nfp.fazenda.sp.gov.br/EntidadesFilantropicas/DoacaoNotasListagem.aspx:552)
  sendEvent (:0)
  _keyEvent (:/ghostdriver/inputs.js:325)
  _pressKey (:/ghostdriver/inputs.js:280)
  _sendKeys (:/ghostdriver/inputs.js:237)
  _postValueCommand (:/ghostdriver/request_handlers/webelement_request_handler.js:288)
  _handle (:/ghostdriver/request_handlers/webelement_request_handler.js:72)
  _reroute (:/ghostdriver/request_handlers/request_handler.js:61)
  _handle (:/ghostdriver/request_handlers/session_request_handler.js:120)
  _reroute (:/ghostdriver/request_handlers/request_handler.js:61)
  _handle (:/ghostdriver/request_handlers/router_request_handler.js:78)
[ERROR - 2016-01-14T01:03:27.458Z] Session [8d4795d0-ba5a-11e5-b58b-0d53a83f1f21] - page.onError - msg: ReferenceError: Can't find variable: ValidatorFieldEntidadeCNPJ
[ERROR - 2016-01-14T01:03:27.458Z] Session [8d4795d0-ba5a-11e5-b58b-0d53a83f1f21] - page.onError - stack:
  onkeyup (https://www.nfp.fazenda.sp.gov.br/EntidadesFilantropicas/DoacaoNotasListagem.aspx:552)
  sendEvent (:0)
  _keyEvent (:/ghostdriver/inputs.js:325)
  _pressKey (:/ghostdriver/inputs.js:280)
  _sendKeys (:/ghostdriver/inputs.js:237)
  _postValueCommand (:/ghostdriver/request_handlers/webelement_request_handler.js:288)
  _handle (:/ghostdriver/request_handlers/webelement_request_handler.js:72)
  _reroute (:/ghostdriver/request_handlers/request_handler.js:61)
  _handle (:/ghostdriver/request_handlers/session_request_handler.js:120)
  _reroute (:/ghostdriver/request_handlers/request_handler.js:61)
  _handle (:/ghostdriver/request_handlers/router_request_handler.js:78)
[ERROR - 2016-01-14T01:03:27.459Z] Session [8d4795d0-ba5a-11e5-b58b-0d53a83f1f21] - page.onError - msg: ReferenceError: Can't find variable: ValidatorFieldEntidadeCNPJ
[ERROR - 2016-01-14T01:03:27.459Z] Session [8d4795d0-ba5a-11e5-b58b-0d53a83f1f21] - page.onError - stack:
  onkeyup (https://www.nfp.fazenda.sp.gov.br/EntidadesFilantropicas/DoacaoNotasListagem.aspx:552)
  sendEvent (:0)
  _keyEvent (:/ghostdriver/inputs.js:325)
  _pressKey (:/ghostdriver/inputs.js:280)
  _sendKeys (:/ghostdriver/inputs.js:237)
  _postValueCommand (:/ghostdriver/request_handlers/webelement_request_handler.js:288)
  _handle (:/ghostdriver/request_handlers/webelement_request_handler.js:72)
  _reroute (:/ghostdriver/request_handlers/request_handler.js:61)
  _handle (:/ghostdriver/request_handlers/session_request_handler.js:120)
  _reroute (:/ghostdriver/request_handlers/request_handler.js:61)
  _handle (:/ghostdriver/request_handlers/router_request_handler.js:78)
[ERROR - 2016-01-14T01:03:27.460Z] Session [8d4795d0-ba5a-11e5-b58b-0d53a83f1f21] - page.onError - msg: ReferenceError: Can't find variable: ValidatorFieldEntidadeCNPJ
[ERROR - 2016-01-14T01:03:27.460Z] Session [8d4795d0-ba5a-11e5-b58b-0d53a83f1f21] - page.onError - stack:
  onkeyup (https://www.nfp.fazenda.sp.gov.br/EntidadesFilantropicas/DoacaoNotasListagem.aspx:552)
  sendEvent (:0)
  _keyEvent (:/ghostdriver/inputs.js:325)
  _pressKey (:/ghostdriver/inputs.js:280)
  _sendKeys (:/ghostdriver/inputs.js:237)
  _postValueCommand (:/ghostdriver/request_handlers/webelement_request_handler.js:288)
  _handle (:/ghostdriver/request_handlers/webelement_request_handler.js:72)
  _reroute (:/ghostdriver/request_handlers/request_handler.js:61)
  _handle (:/ghostdriver/request_handlers/session_request_handler.js:120)
  _reroute (:/ghostdriver/request_handlers/request_handler.js:61)
  _handle (:/ghostdriver/request_handlers/router_request_handler.js:78)
[ERROR - 2016-01-14T01:03:29.174Z] Session [8d4795d0-ba5a-11e5-b58b-0d53a83f1f21] - page.onError - msg: ReferenceError: Can't find variable: ValidarCfeSat
[ERROR - 2016-01-14T01:03:29.174Z] Session [8d4795d0-ba5a-11e5-b58b-0d53a83f1f21] - page.onError - stack:
  (anonymous function) (https://www.nfp.fazenda.sp.gov.br/controles/zipConteudo.ashx?file=/script/EntdFilantr.js&v=1&type=js:47)
  dispatch (https://www.nfp.fazenda.sp.gov.br/controles/zipConteudo.ashx?file=/script/jquery-1.7.1.min.js&type=js:3)
  i (https://www.nfp.fazenda.sp.gov.br/controles/zipConteudo.ashx?file=/script/jquery-1.7.1.min.js&type=js:3)
  dispatchEvent (:0)
  U (phantomjs://webpage.evaluate():119)
  $ (phantomjs://webpage.evaluate():108)
  $ (phantomjs://webpage.evaluate():101)
  gh (phantomjs://webpage.evaluate():141)
  sh (phantomjs://webpage.evaluate():152)
  (anonymous function) (phantomjs://webpage.evaluate():152)
  (anonymous function) (phantomjs://webpage.evaluate():152)
  (anonymous function) (phantomjs://webpage.evaluate():153)
[ERROR - 2016-01-14T01:03:33.423Z] Session [8d4795d0-ba5a-11e5-b58b-0d53a83f1f21] - page.onError - msg: ReferenceError: Can't find variable: ValidatorFieldEntidadeCNPJ
[ERROR - 2016-01-14T01:03:33.424Z] Session [8d4795d0-ba5a-11e5-b58b-0d53a83f1f21] - page.onError - stack:
  onkeyup (https://www.nfp.fazenda.sp.gov.br/EntidadesFilantropicas/DoacaoNotasListagem.aspx:552)
  sendEvent (:0)
  _keyEvent (:/ghostdriver/inputs.js:325)
  _pressKey (:/ghostdriver/inputs.js:280)
  _sendKeys (:/ghostdriver/inputs.js:237)
  _postValueCommand (:/ghostdriver/request_handlers/webelement_request_handler.js:288)
  _handle (:/ghostdriver/request_handlers/webelement_request_handler.js:72)
  _reroute (:/ghostdriver/request_handlers/request_handler.js:61)
  _handle (:/ghostdriver/request_handlers/session_request_handler.js:120)
  _reroute (:/ghostdriver/request_handlers/request_handler.js:61)
  _handle (:/ghostdriver/request_handlers/router_request_handler.js:78)
[ERROR - 2016-01-14T01:03:33.426Z] Session [8d4795d0-ba5a-11e5-b58b-0d53a83f1f21] - page.onError - msg: ReferenceError: Can't find variable: ValidatorFieldEntidadeCNPJ
[ERROR - 2016-01-14T01:03:33.426Z] Session [8d4795d0-ba5a-11e5-b58b-0d53a83f1f21] - page.onError - stack:
  onkeyup (https://www.nfp.fazenda.sp.gov.br/EntidadesFilantropicas/DoacaoNotasListagem.aspx:552)
  sendEvent (:0)
  _keyEvent (:/ghostdriver/inputs.js:325)
  _pressKey (:/ghostdriver/inputs.js:280)
  _sendKeys (:/ghostdriver/inputs.js:237)
  _postValueCommand (:/ghostdriver/request_handlers/webelement_request_handler.js:288)
  _handle (:/ghostdriver/request_handlers/webelement_request_handler.js:72)
  _reroute (:/ghostdriver/request_handlers/request_handler.js:61)
  _handle (:/ghostdriver/request_handlers/session_request_handler.js:120)
  _reroute (:/ghostdriver/request_handlers/request_handler.js:61)
  _handle (:/ghostdriver/request_handlers/router_request_handler.js:78)
[ERROR - 2016-01-14T01:03:33.428Z] Session [8d4795d0-ba5a-11e5-b58b-0d53a83f1f21] - page.onError - msg: ReferenceError: Can't find variable: ValidatorFieldEntidadeCNPJ
[ERROR - 2016-01-14T01:03:33.428Z] Session [8d4795d0-ba5a-11e5-b58b-0d53a83f1f21] - page.onError - stack:
  onkeyup (https://www.nfp.fazenda.sp.gov.br/EntidadesFilantropicas/DoacaoNotasListagem.aspx:552)
  sendEvent (:0)
  _keyEvent (:/ghostdriver/inputs.js:325)
  _pressKey (:/ghostdriver/inputs.js:280)
  _sendKeys (:/ghostdriver/inputs.js:237)
  _postValueCommand (:/ghostdriver/request_handlers/webelement_request_handler.js:288)
  _handle (:/ghostdriver/request_handlers/webelement_request_handler.js:72)
  _reroute (:/ghostdriver/request_handlers/request_handler.js:61)
  _handle (:/ghostdriver/request_handlers/session_request_handler.js:120)
  _reroute (:/ghostdriver/request_handlers/request_handler.js:61)
  _handle (:/ghostdriver/request_handlers/router_request_handler.js:78)
[ERROR - 2016-01-14T01:03:33.429Z] Session [8d4795d0-ba5a-11e5-b58b-0d53a83f1f21] - page.onError - msg: ReferenceError: Can't find variable: ValidatorFieldEntidadeCNPJ
[ERROR - 2016-01-14T01:03:33.430Z] Session [8d4795d0-ba5a-11e5-b58b-0d53a83f1f21] - page.onError - stack:
  onkeyup (https://www.nfp.fazenda.sp.gov.br/EntidadesFilantropicas/DoacaoNotasListagem.aspx:552)
  sendEvent (:0)
  _keyEvent (:/ghostdriver/inputs.js:325)
  _pressKey (:/ghostdriver/inputs.js:280)
  _sendKeys (:/ghostdriver/inputs.js:237)
  _postValueCommand (:/ghostdriver/request_handlers/webelement_request_handler.js:288)
  _handle (:/ghostdriver/request_handlers/webelement_request_handler.js:72)
  _reroute (:/ghostdriver/request_handlers/request_handler.js:61)
  _handle (:/ghostdriver/request_handlers/session_request_handler.js:120)
  _reroute (:/ghostdriver/request_handlers/request_handler.js:61)
  _handle (:/ghostdriver/request_handlers/router_request_handler.js:78)
[ERROR - 2016-01-14T01:03:33.431Z] Session [8d4795d0-ba5a-11e5-b58b-0d53a83f1f21] - page.onError - msg: ReferenceError: Can't find variable: ValidatorFieldEntidadeCNPJ
[ERROR - 2016-01-14T01:03:33.431Z] Session [8d4795d0-ba5a-11e5-b58b-0d53a83f1f21] - page.onError - stack:
  onkeyup (https://www.nfp.fazenda.sp.gov.br/EntidadesFilantropicas/DoacaoNotasListagem.aspx:552)
  sendEvent (:0)
  _keyEvent (:/ghostdriver/inputs.js:325)
  _pressKey (:/ghostdriver/inputs.js:280)
  _sendKeys (:/ghostdriver/inputs.js:237)
  _postValueCommand (:/ghostdriver/request_handlers/webelement_request_handler.js:288)
  _handle (:/ghostdriver/request_handlers/webelement_request_handler.js:72)
  _reroute (:/ghostdriver/request_handlers/request_handler.js:61)
  _handle (:/ghostdriver/request_handlers/session_request_handler.js:120)
  _reroute (:/ghostdriver/request_handlers/request_handler.js:61)
  _handle (:/ghostdriver/request_handlers/router_request_handler.js:78)
[ERROR - 2016-01-14T01:03:33.432Z] Session [8d4795d0-ba5a-11e5-b58b-0d53a83f1f21] - page.onError - msg: ReferenceError: Can't find variable: ValidatorFieldEntidadeCNPJ
[ERROR - 2016-01-14T01:03:33.432Z] Session [8d4795d0-ba5a-11e5-b58b-0d53a83f1f21] - page.onError - stack:
  onkeyup (https://www.nfp.fazenda.sp.gov.br/EntidadesFilantropicas/DoacaoNotasListagem.aspx:552)
  sendEvent (:0)
  _keyEvent (:/ghostdriver/inputs.js:325)
  _pressKey (:/ghostdriver/inputs.js:280)
  _sendKeys (:/ghostdriver/inputs.js:237)
  _postValueCommand (:/ghostdriver/request_handlers/webelement_request_handler.js:288)
  _handle (:/ghostdriver/request_handlers/webelement_request_handler.js:72)
  _reroute (:/ghostdriver/request_handlers/request_handler.js:61)
  _handle (:/ghostdriver/request_handlers/session_request_handler.js:120)
  _reroute (:/ghostdriver/request_handlers/request_handler.js:61)
  _handle (:/ghostdriver/request_handlers/router_request_handler.js:78)
[ERROR - 2016-01-14T01:03:33.433Z] Session [8d4795d0-ba5a-11e5-b58b-0d53a83f1f21] - page.onError - msg: ReferenceError: Can't find variable: ValidatorFieldEntidadeCNPJ
[ERROR - 2016-01-14T01:03:33.433Z] Session [8d4795d0-ba5a-11e5-b58b-0d53a83f1f21] - page.onError - stack:
  onkeyup (https://www.nfp.fazenda.sp.gov.br/EntidadesFilantropicas/DoacaoNotasListagem.aspx:552)
  sendEvent (:0)
  _keyEvent (:/ghostdriver/inputs.js:325)
  _pressKey (:/ghostdriver/inputs.js:280)
  _sendKeys (:/ghostdriver/inputs.js:237)
  _postValueCommand (:/ghostdriver/request_handlers/webelement_request_handler.js:288)
  _handle (:/ghostdriver/request_handlers/webelement_request_handler.js:72)
  _reroute (:/ghostdriver/request_handlers/request_handler.js:61)
  _handle (:/ghostdriver/request_handlers/session_request_handler.js:120)
  _reroute (:/ghostdriver/request_handlers/request_handler.js:61)
  _handle (:/ghostdriver/request_handlers/router_request_handler.js:78)
[ERROR - 2016-01-14T01:03:33.434Z] Session [8d4795d0-ba5a-11e5-b58b-0d53a83f1f21] - page.onError - msg: ReferenceError: Can't find variable: ValidatorFieldEntidadeCNPJ
[ERROR - 2016-01-14T01:03:33.434Z] Session [8d4795d0-ba5a-11e5-b58b-0d53a83f1f21] - page.onError - stack:
  onkeyup (https://www.nfp.fazenda.sp.gov.br/EntidadesFilantropicas/DoacaoNotasListagem.aspx:552)
  sendEvent (:0)
  _keyEvent (:/ghostdriver/inputs.js:325)
  _pressKey (:/ghostdriver/inputs.js:280)
  _sendKeys (:/ghostdriver/inputs.js:237)
  _postValueCommand (:/ghostdriver/request_handlers/webelement_request_handler.js:288)
  _handle (:/ghostdriver/request_handlers/webelement_request_handler.js:72)
  _reroute (:/ghostdriver/request_handlers/request_handler.js:61)
  _handle (:/ghostdriver/request_handlers/session_request_handler.js:120)
  _reroute (:/ghostdriver/request_handlers/request_handler.js:61)
  _handle (:/ghostdriver/request_handlers/router_request_handler.js:78)
[ERROR - 2016-01-14T01:03:33.435Z] Session [8d4795d0-ba5a-11e5-b58b-0d53a83f1f21] - page.onError - msg: ReferenceError: Can't find variable: ValidatorFieldEntidadeCNPJ
[ERROR - 2016-01-14T01:03:33.435Z] Session [8d4795d0-ba5a-11e5-b58b-0d53a83f1f21] - page.onError - stack:
  onkeyup (https://www.nfp.fazenda.sp.gov.br/EntidadesFilantropicas/DoacaoNotasListagem.aspx:552)
  sendEvent (:0)
  _keyEvent (:/ghostdriver/inputs.js:325)
  _pressKey (:/ghostdriver/inputs.js:280)
  _sendKeys (:/ghostdriver/inputs.js:237)
  _postValueCommand (:/ghostdriver/request_handlers/webelement_request_handler.js:288)
  _handle (:/ghostdriver/request_handlers/webelement_request_handler.js:72)
  _reroute (:/ghostdriver/request_handlers/request_handler.js:61)
  _handle (:/ghostdriver/request_handlers/session_request_handler.js:120)
  _reroute (:/ghostdriver/request_handlers/request_handler.js:61)
  _handle (:/ghostdriver/request_handlers/router_request_handler.js:78)
[ERROR - 2016-01-14T01:03:33.436Z] Session [8d4795d0-ba5a-11e5-b58b-0d53a83f1f21] - page.onError - msg: ReferenceError: Can't find variable: ValidatorFieldEntidadeCNPJ
[ERROR - 2016-01-14T01:03:33.436Z] Session [8d4795d0-ba5a-11e5-b58b-0d53a83f1f21] - page.onError - stack:
  onkeyup (https://www.nfp.fazenda.sp.gov.br/EntidadesFilantropicas/DoacaoNotasListagem.aspx:552)
  sendEvent (:0)
  _keyEvent (:/ghostdriver/inputs.js:325)
  _pressKey (:/ghostdriver/inputs.js:280)
  _sendKeys (:/ghostdriver/inputs.js:237)
  _postValueCommand (:/ghostdriver/request_handlers/webelement_request_handler.js:288)
  _handle (:/ghostdriver/request_handlers/webelement_request_handler.js:72)
  _reroute (:/ghostdriver/request_handlers/request_handler.js:61)
  _handle (:/ghostdriver/request_handlers/session_request_handler.js:120)
  _reroute (:/ghostdriver/request_handlers/request_handler.js:61)
  _handle (:/ghostdriver/request_handlers/router_request_handler.js:78)
[ERROR - 2016-01-14T01:03:33.437Z] Session [8d4795d0-ba5a-11e5-b58b-0d53a83f1f21] - page.onError - msg: ReferenceError: Can't find variable: ValidatorFieldEntidadeCNPJ
[ERROR - 2016-01-14T01:03:33.437Z] Session [8d4795d0-ba5a-11e5-b58b-0d53a83f1f21] - page.onError - stack:
  onkeyup (https://www.nfp.fazenda.sp.gov.br/EntidadesFilantropicas/DoacaoNotasListagem.aspx:552)
  sendEvent (:0)
  _keyEvent (:/ghostdriver/inputs.js:325)
  _pressKey (:/ghostdriver/inputs.js:280)
  _sendKeys (:/ghostdriver/inputs.js:237)
  _postValueCommand (:/ghostdriver/request_handlers/webelement_request_handler.js:288)
  _handle (:/ghostdriver/request_handlers/webelement_request_handler.js:72)
  _reroute (:/ghostdriver/request_handlers/request_handler.js:61)
  _handle (:/ghostdriver/request_handlers/session_request_handler.js:120)
  _reroute (:/ghostdriver/request_handlers/request_handler.js:61)
  _handle (:/ghostdriver/request_handlers/router_request_handler.js:78)
[ERROR - 2016-01-14T01:03:33.438Z] Session [8d4795d0-ba5a-11e5-b58b-0d53a83f1f21] - page.onError - msg: ReferenceError: Can't find variable: ValidatorFieldEntidadeCNPJ
[ERROR - 2016-01-14T01:03:33.438Z] Session [8d4795d0-ba5a-11e5-b58b-0d53a83f1f21] - page.onError - stack:
  onkeyup (https://www.nfp.fazenda.sp.gov.br/EntidadesFilantropicas/DoacaoNotasListagem.aspx:552)
  sendEvent (:0)
  _keyEvent (:/ghostdriver/inputs.js:325)
  _pressKey (:/ghostdriver/inputs.js:280)
  _sendKeys (:/ghostdriver/inputs.js:237)
  _postValueCommand (:/ghostdriver/request_handlers/webelement_request_handler.js:288)
  _handle (:/ghostdriver/request_handlers/webelement_request_handler.js:72)
  _reroute (:/ghostdriver/request_handlers/request_handler.js:61)
  _handle (:/ghostdriver/request_handlers/session_request_handler.js:120)
  _reroute (:/ghostdriver/request_handlers/request_handler.js:61)
  _handle (:/ghostdriver/request_handlers/router_request_handler.js:78)
[ERROR - 2016-01-14T01:03:33.439Z] Session [8d4795d0-ba5a-11e5-b58b-0d53a83f1f21] - page.onError - msg: ReferenceError: Can't find variable: ValidatorFieldEntidadeCNPJ
[ERROR - 2016-01-14T01:03:33.439Z] Session [8d4795d0-ba5a-11e5-b58b-0d53a83f1f21] - page.onError - stack:
  onkeyup (https://www.nfp.fazenda.sp.gov.br/EntidadesFilantropicas/DoacaoNotasListagem.aspx:552)
  sendEvent (:0)
  _keyEvent (:/ghostdriver/inputs.js:325)
  _pressKey (:/ghostdriver/inputs.js:280)
  _sendKeys (:/ghostdriver/inputs.js:237)
  _postValueCommand (:/ghostdriver/request_handlers/webelement_request_handler.js:288)
  _handle (:/ghostdriver/request_handlers/webelement_request_handler.js:72)
  _reroute (:/ghostdriver/request_handlers/request_handler.js:61)
  _handle (:/ghostdriver/request_handlers/session_request_handler.js:120)
  _reroute (:/ghostdriver/request_handlers/request_handler.js:61)
  _handle (:/ghostdriver/request_handlers/router_request_handler.js:78)
[ERROR - 2016-01-14T01:03:33.440Z] Session [8d4795d0-ba5a-11e5-b58b-0d53a83f1f21] - page.onError - msg: ReferenceError: Can't find variable: ValidatorFieldEntidadeCNPJ
[ERROR - 2016-01-14T01:03:33.440Z] Session [8d4795d0-ba5a-11e5-b58b-0d53a83f1f21] - page.onError - stack:
  onkeyup (https://www.nfp.fazenda.sp.gov.br/EntidadesFilantropicas/DoacaoNotasListagem.aspx:552)
  sendEvent (:0)
  _keyEvent (:/ghostdriver/inputs.js:325)
  _pressKey (:/ghostdriver/inputs.js:280)
  _sendKeys (:/ghostdriver/inputs.js:237)
  _postValueCommand (:/ghostdriver/request_handlers/webelement_request_handler.js:288)
  _handle (:/ghostdriver/request_handlers/webelement_request_handler.js:72)
  _reroute (:/ghostdriver/request_handlers/request_handler.js:61)
  _handle (:/ghostdriver/request_handlers/session_request_handler.js:120)
  _reroute (:/ghostdriver/request_handlers/request_handler.js:61)
  _handle (:/ghostdriver/request_handlers/router_request_handler.js:78)
[ERROR - 2016-01-14T01:03:35.204Z] Session [8d4795d0-ba5a-11e5-b58b-0d53a83f1f21] - page.onError - msg: ReferenceError: Can't find variable: ValidarCfeSat
[ERROR - 2016-01-14T01:03:35.204Z] Session [8d4795d0-ba5a-11e5-b58b-0d53a83f1f21] - page.onError - stack:
  (anonymous function) (https://www.nfp.fazenda.sp.gov.br/controles/zipConteudo.ashx?file=/script/EntdFilantr.js&v=1&type=js:47)
  dispatch (https://www.nfp.fazenda.sp.gov.br/controles/zipConteudo.ashx?file=/script/jquery-1.7.1.min.js&type=js:3)
  i (https://www.nfp.fazenda.sp.gov.br/controles/zipConteudo.ashx?file=/script/jquery-1.7.1.min.js&type=js:3)
  dispatchEvent (:0)
  U (phantomjs://webpage.evaluate():119)
  $ (phantomjs://webpage.evaluate():108)
  $ (phantomjs://webpage.evaluate():101)
  gh (phantomjs://webpage.evaluate():141)
  sh (phantomjs://webpage.evaluate():152)
  (anonymous function) (phantomjs://webpage.evaluate():152)
  (anonymous function) (phantomjs://webpage.evaluate():152)
  (anonymous function) (phantomjs://webpage.evaluate():153)
[INFO  - 2016-01-14T01:03:39.177Z] ShutdownReqHand - _handle - About to shutdown
